# JRE version: OpenJDK Runtime Environment AdoptOpenJDK (11.0.8+10) (build 11.0.8+10)
# Java VM: OpenJDK 64-Bit Server VM AdoptOpenJDK (11.0.8+10, mixed mode, tiered, compressed oops, g1 gc, windows-amd64)
Heap:
 garbage-first heap   total 262144K, used 54653K [0x0000000701600000, 0x0000000800000000)
  region size 1024K, 42 young (43008K), 6 survivors (6144K)
 Metaspace       used 26107K, capacity 26364K, committed 26368K, reserved 1073152K
  class space    used 2976K, capacity 3070K, committed 3072K, reserved 1048576K
GC Heap History (8 events):
Event: 0.330 GC heap before
{Heap before GC invocations=0 (full 0):
 garbage-first heap   total 262144K, used 24576K [0x0000000701600000, 0x0000000800000000)
  region size 1024K, 24 young (24576K), 0 survivors (0K)
 Metaspace       used 9734K, capacity 9846K, committed 9984K, reserved 1058816K
  class space    used 901K, capacity 958K, committed 1024K, reserved 1048576K
}
Event: 0.333 GC heap after
{Heap after GC invocations=1 (full 0):
 garbage-first heap   total 262144K, used 7527K [0x0000000701600000, 0x0000000800000000)
  region size 1024K, 3 young (3072K), 3 survivors (3072K)
 Metaspace       used 9734K, capacity 9846K, committed 9984K, reserved 1058816K
  class space    used 901K, capacity 958K, committed 1024K, reserved 1048576K
}
Event: 0.398 GC heap before
{Heap before GC invocations=1 (full 0):
 garbage-first heap   total 262144K, used 22887K [0x0000000701600000, 0x0000000800000000)
  region size 1024K, 18 young (18432K), 3 survivors (3072K)
 Metaspace       used 10321K, capacity 10492K, committed 10496K, reserved 1058816K
  class space    used 960K, capacity 1023K, committed 1024K, reserved 1048576K
}
Event: 0.400 GC heap after
{Heap after GC invocations=2 (full 0):
 garbage-first heap   total 262144K, used 9844K [0x0000000701600000, 0x0000000800000000)
  region size 1024K, 3 young (3072K), 3 survivors (3072K)
 Metaspace       used 10321K, capacity 10492K, committed 10496K, reserved 1058816K
  class space    used 960K, capacity 1023K, committed 1024K, reserved 1048576K
}
Event: 0.810 GC heap before
{Heap before GC invocations=2 (full 0):
 garbage-first heap   total 262144K, used 61044K [0x0000000701600000, 0x0000000800000000)
  region size 1024K, 48 young (49152K), 3 survivors (3072K)
 Metaspace       used 17652K, capacity 17874K, committed 17920K, reserved 1064960K
  class space    used 1951K, capacity 2046K, committed 2048K, reserved 1048576K
}
Event: 0.813 GC heap after
{Heap after GC invocations=3 (full 0):
 garbage-first heap   total 262144K, used 16547K [0x0000000701600000, 0x0000000800000000)
  region size 1024K, 6 young (6144K), 6 survivors (6144K)
 Metaspace       used 17652K, capacity 17874K, committed 17920K, reserved 1064960K
  class space    used 1951K, capacity 2046K, committed 2048K, reserved 1048576K
}
Event: 0.995 GC heap before
{Heap before GC invocations=3 (full 0):
 garbage-first heap   total 262144K, used 32931K [0x0000000701600000, 0x0000000800000000)
  region size 1024K, 23 young (23552K), 6 survivors (6144K)
 Metaspace       used 20975K, capacity 21124K, committed 21248K, reserved 1069056K
  class space    used 2409K, capacity 2465K, committed 2560K, reserved 1048576K
}
Event: 1.001 GC heap after
{Heap after GC invocations=4 (full 0):
 garbage-first heap   total 262144K, used 18813K [0x0000000701600000, 0x0000000800000000)
  region size 1024K, 6 young (6144K), 6 survivors (6144K)
 Metaspace       used 20975K, capacity 21124K, committed 21248K, reserved 1069056K
  class space    used 2409K, capacity 2465K, committed 2560K, reserved 1048576K
}

